Tue Jun 12 14:06:29 [initandlisten] MongoDB starting : pid=1106 port=27017 dbpath=/Users/rth/Code/MongoDB/MongoWCDB/data 64-bit host=WisdomGroup-rthmbp10.yourdomain.com
Tue Jun 12 14:06:29 [initandlisten] db version v2.0.6, pdfile version 4.5
Tue Jun 12 14:06:29 [initandlisten] git version: e1c0cbc25863f6356aa4e31375add7bb49fb05bc
Tue Jun 12 14:06:29 [initandlisten] build info: Darwin erh2.10gen.cc 9.8.0 Darwin Kernel Version 9.8.0: Wed Jul 15 16:55:01 PDT 2009; root:xnu-1228.15.4~1/RELEASE_I386 i386 BOOST_LIB_VERSION=1_40
Tue Jun 12 14:06:29 [initandlisten] options: { dbpath: "data", fork: true, logpath: "data/mongod.log" }
Tue Jun 12 14:06:29 [initandlisten] journal dir=/Users/rth/Code/MongoDB/MongoWCDB/data/journal
Tue Jun 12 14:06:29 [initandlisten] recover begin
Tue Jun 12 14:06:29 [initandlisten] recover lsn: 1649710
Tue Jun 12 14:06:29 [initandlisten] recover /Users/rth/Code/MongoDB/MongoWCDB/data/journal/j._0
Tue Jun 12 14:06:29 [initandlisten] recover create file /Users/rth/Code/MongoDB/MongoWCDB/data/test.ns 16MB
Tue Jun 12 14:06:29 [initandlisten] recover create file /Users/rth/Code/MongoDB/MongoWCDB/data/test.0 64MB
Tue Jun 12 14:06:30 [initandlisten] recover cleaning up
Tue Jun 12 14:06:30 [initandlisten] removeJournalFiles
Tue Jun 12 14:06:30 [initandlisten] recover done
Tue Jun 12 14:06:30 [websvr] admin web console waiting for connections on port 28017
Tue Jun 12 14:06:30 [initandlisten] waiting for connections on port 27017
Tue Jun 12 14:07:30 [clientcursormon] mem (MB) res:3 virt:2434 mapped:0
Tue Jun 12 14:09:41 [initandlisten] connection accepted from 127.0.0.1:49347 #1
Tue Jun 12 14:09:41 [initandlisten] connection accepted from 127.0.0.1:49348 #2
Tue Jun 12 14:09:41 [initandlisten] connection accepted from 127.0.0.1:49349 #3
Tue Jun 12 14:09:41 [conn2] end connection 127.0.0.1:49348
Tue Jun 12 14:10:30 [clientcursormon] mem (MB) res:20 virt:2627 mapped:80
Tue Jun 12 14:15:30 [clientcursormon] mem (MB) res:20 virt:2627 mapped:80
Tue Jun 12 14:20:30 [clientcursormon] mem (MB) res:20 virt:2627 mapped:80
Tue Jun 12 14:23:41 [conn3] getmore test.chirps cursorid:4527295408118349482 reslen:20 2310ms
Tue Jun 12 14:23:43 [conn3] getmore test.chirps cursorid:4527295408118349482 reslen:20 2319ms
Tue Jun 12 14:23:46 [conn3] getmore test.chirps cursorid:4527295408118349482 reslen:20 2318ms
Tue Jun 12 14:23:47 [initandlisten] connection accepted from 127.0.0.1:49502 #4
Tue Jun 12 14:23:47 [conn3] getmore test.chirps cursorid:4527295408118349482 nreturned:1 reslen:99 1932ms
Tue Jun 12 14:23:50 [conn3] getmore test.chirps cursorid:4527295408118349482 reslen:20 2318ms
Tue Jun 12 14:23:52 [conn4] getmore test.chirps cursorid:4527295408118349482 reslen:20 2316ms
Tue Jun 12 14:23:54 [conn3] getmore test.chirps cursorid:4527295408118349482 reslen:20 2317ms
Tue Jun 12 14:23:57 [conn4] getmore test.chirps cursorid:4527295408118349482 reslen:20 2321ms
Tue Jun 12 14:23:59 [conn3] getmore test.chirps cursorid:4527295408118349482 reslen:20 2318ms
Tue Jun 12 14:24:00 [conn4] getmore test.chirps cursorid:4527295408118349482 nreturned:1 reslen:124 1343ms
Tue Jun 12 14:24:03 [conn3] getmore test.chirps cursorid:4527295408118349482 reslen:20 2311ms
Tue Jun 12 14:24:05 [conn4] getmore test.chirps cursorid:4527295408118349482 reslen:20 2318ms
Tue Jun 12 14:24:07 [conn3] getmore test.chirps cursorid:4527295408118349482 reslen:20 2320ms
Tue Jun 12 14:24:10 [conn4] getmore test.chirps cursorid:4527295408118349482 reslen:20 2328ms
Tue Jun 12 14:24:12 [conn3] getmore test.chirps cursorid:4527295408118349482 reslen:20 2315ms
Tue Jun 12 14:24:14 [conn4] getmore test.chirps cursorid:4527295408118349482 reslen:20 2306ms
Tue Jun 12 14:24:17 [conn3] getmore test.chirps cursorid:4527295408118349482 reslen:20 2320ms
Tue Jun 12 14:24:19 [conn4] getmore test.chirps cursorid:4527295408118349482 reslen:20 2324ms
Tue Jun 12 14:24:21 [conn3] getmore test.chirps cursorid:4527295408118349482 reslen:20 2318ms
Tue Jun 12 14:24:24 [conn4] getmore test.chirps cursorid:4527295408118349482 reslen:20 2328ms
Tue Jun 12 14:24:26 [conn3] getmore test.chirps cursorid:4527295408118349482 reslen:20 2322ms
Tue Jun 12 14:24:28 [conn4] getmore test.chirps cursorid:4527295408118349482 reslen:20 2315ms
Tue Jun 12 14:24:31 [conn3] getmore test.chirps cursorid:4527295408118349482 reslen:20 2312ms
Tue Jun 12 14:24:33 [conn4] getmore test.chirps cursorid:4527295408118349482 reslen:20 2318ms
Tue Jun 12 14:24:35 [conn3] getmore test.chirps cursorid:4527295408118349482 reslen:20 2320ms
Tue Jun 12 14:24:37 [conn4] getmore test.chirps cursorid:4527295408118349482 reslen:20 2321ms
Tue Jun 12 14:24:40 [conn3] getmore test.chirps cursorid:4527295408118349482 reslen:20 2319ms
Tue Jun 12 14:24:42 [conn4] getmore test.chirps cursorid:4527295408118349482 reslen:20 2321ms
Tue Jun 12 14:24:44 [conn3] getmore test.chirps cursorid:4527295408118349482 reslen:20 2320ms
Tue Jun 12 14:24:47 [conn4] getmore test.chirps cursorid:4527295408118349482 reslen:20 2321ms
Tue Jun 12 14:24:49 [conn3] getmore test.chirps cursorid:4527295408118349482 reslen:20 2320ms
Tue Jun 12 14:24:51 [conn4] getmore test.chirps cursorid:4527295408118349482 reslen:20 2312ms
Tue Jun 12 14:24:54 [conn3] getmore test.chirps cursorid:4527295408118349482 reslen:20 2322ms
Tue Jun 12 14:24:56 [conn4] getmore test.chirps cursorid:4527295408118349482 reslen:20 2319ms
Tue Jun 12 14:24:58 [conn3] getmore test.chirps cursorid:4527295408118349482 reslen:20 2325ms
Tue Jun 12 14:25:01 [conn4] getmore test.chirps cursorid:4527295408118349482 reslen:20 2318ms
Tue Jun 12 14:25:03 [conn3] getmore test.chirps cursorid:4527295408118349482 reslen:20 2320ms
Tue Jun 12 14:25:05 [conn4] getmore test.chirps cursorid:4527295408118349482 reslen:20 2316ms
Tue Jun 12 14:25:08 [conn3] getmore test.chirps cursorid:4527295408118349482 reslen:20 2322ms
Tue Jun 12 14:25:10 [conn4] getmore test.chirps cursorid:4527295408118349482 reslen:20 2318ms
Tue Jun 12 14:25:12 [conn3] getmore test.chirps cursorid:4527295408118349482 reslen:20 2320ms
Tue Jun 12 14:25:15 [conn4] getmore test.chirps cursorid:4527295408118349482 reslen:20 2320ms
Tue Jun 12 14:25:17 [conn3] getmore test.chirps cursorid:4527295408118349482 reslen:20 2322ms
Tue Jun 12 14:25:19 [conn4] getmore test.chirps cursorid:4527295408118349482 reslen:20 2354ms
Tue Jun 12 14:25:22 [conn3] getmore test.chirps cursorid:4527295408118349482 reslen:20 2320ms
Tue Jun 12 14:25:24 [conn4] getmore test.chirps cursorid:4527295408118349482 reslen:20 2318ms
Tue Jun 12 14:25:26 [conn3] getmore test.chirps cursorid:4527295408118349482 reslen:20 2319ms
Tue Jun 12 14:25:29 [conn4] getmore test.chirps cursorid:4527295408118349482 reslen:20 2314ms
Tue Jun 12 14:25:30 [clientcursormon] mem (MB) res:21 virt:2632 mapped:80
Tue Jun 12 14:25:31 [conn3] getmore test.chirps cursorid:4527295408118349482 reslen:20 2316ms
Tue Jun 12 14:25:33 [conn4] getmore test.chirps cursorid:4527295408118349482 reslen:20 2316ms
Tue Jun 12 14:25:36 [conn3] getmore test.chirps cursorid:4527295408118349482 reslen:20 2322ms
Tue Jun 12 14:25:38 [conn4] getmore test.chirps cursorid:4527295408118349482 reslen:20 2299ms
Tue Jun 12 14:25:40 [conn3] getmore test.chirps cursorid:4527295408118349482 reslen:20 2332ms
Tue Jun 12 14:25:43 [conn4] getmore test.chirps cursorid:4527295408118349482 reslen:20 2315ms
Tue Jun 12 14:25:45 [conn3] getmore test.chirps cursorid:4527295408118349482 reslen:20 2308ms
Tue Jun 12 14:25:47 [conn4] getmore test.chirps cursorid:4527295408118349482 reslen:20 2320ms
Tue Jun 12 14:25:49 [conn3] getmore test.chirps cursorid:4527295408118349482 reslen:20 2313ms
Tue Jun 12 14:25:52 [conn4] getmore test.chirps cursorid:4527295408118349482 reslen:20 2314ms
Tue Jun 12 14:25:54 [conn3] getmore test.chirps cursorid:4527295408118349482 reslen:20 2313ms
Tue Jun 12 14:25:56 [conn4] getmore test.chirps cursorid:4527295408118349482 reslen:20 2316ms
Tue Jun 12 14:25:59 [conn3] getmore test.chirps cursorid:4527295408118349482 reslen:20 2320ms
Tue Jun 12 14:26:01 [conn4] getmore test.chirps cursorid:4527295408118349482 reslen:20 2319ms
Tue Jun 12 14:26:03 [conn3] getmore test.chirps cursorid:4527295408118349482 reslen:20 2322ms
Tue Jun 12 14:26:06 [conn4] getmore test.chirps cursorid:4527295408118349482 reslen:20 2321ms
Tue Jun 12 14:26:08 [conn3] getmore test.chirps cursorid:4527295408118349482 reslen:20 2321ms
Tue Jun 12 14:26:10 [conn4] getmore test.chirps cursorid:4527295408118349482 reslen:20 2319ms
Tue Jun 12 14:26:13 [conn3] getmore test.chirps cursorid:4527295408118349482 reslen:20 2316ms
Tue Jun 12 14:26:15 [conn4] getmore test.chirps cursorid:4527295408118349482 reslen:20 2319ms
Tue Jun 12 14:26:17 [conn3] getmore test.chirps cursorid:4527295408118349482 reslen:20 2318ms
Tue Jun 12 14:26:20 [conn4] getmore test.chirps cursorid:4527295408118349482 reslen:20 2321ms
Tue Jun 12 14:26:22 [conn3] getmore test.chirps cursorid:4527295408118349482 reslen:20 2318ms
Tue Jun 12 14:26:24 [conn4] getmore test.chirps cursorid:4527295408118349482 reslen:20 2321ms
Tue Jun 12 14:26:27 [conn3] getmore test.chirps cursorid:4527295408118349482 reslen:20 2321ms
Tue Jun 12 14:26:29 [conn4] getmore test.chirps cursorid:4527295408118349482 reslen:20 2319ms
Tue Jun 12 14:26:31 [conn3] getmore test.chirps cursorid:4527295408118349482 reslen:20 2317ms
Tue Jun 12 14:26:34 [conn4] getmore test.chirps cursorid:4527295408118349482 reslen:20 2319ms
Tue Jun 12 14:26:36 [conn3] getmore test.chirps cursorid:4527295408118349482 reslen:20 2318ms
Tue Jun 12 14:26:38 [conn4] getmore test.chirps cursorid:4527295408118349482 reslen:20 2314ms
Tue Jun 12 14:26:40 [conn3] getmore test.chirps cursorid:4527295408118349482 reslen:20 2327ms
Tue Jun 12 14:26:43 [conn4] getmore test.chirps cursorid:4527295408118349482 reslen:20 2320ms
Tue Jun 12 14:26:45 [conn3] getmore test.chirps cursorid:4527295408118349482 reslen:20 2318ms
Tue Jun 12 14:26:47 [conn4] getmore test.chirps cursorid:4527295408118349482 reslen:20 2318ms
Tue Jun 12 14:26:50 [conn3] getmore test.chirps cursorid:4527295408118349482 reslen:20 2316ms
Tue Jun 12 14:26:52 [conn4] getmore test.chirps cursorid:4527295408118349482 reslen:20 2320ms
Tue Jun 12 14:26:54 [conn3] getmore test.chirps cursorid:4527295408118349482 reslen:20 2317ms
Tue Jun 12 14:26:57 [conn4] getmore test.chirps cursorid:4527295408118349482 reslen:20 2311ms
Tue Jun 12 14:26:59 [conn3] getmore test.chirps cursorid:4527295408118349482 reslen:20 2322ms
Tue Jun 12 14:27:01 [conn4] getmore test.chirps cursorid:4527295408118349482 reslen:20 2320ms
Tue Jun 12 14:27:04 [conn3] getmore test.chirps cursorid:4527295408118349482 reslen:20 2319ms
Tue Jun 12 14:27:06 [conn4] getmore test.chirps cursorid:4527295408118349482 reslen:20 2319ms
Tue Jun 12 14:27:08 [conn3] getmore test.chirps cursorid:4527295408118349482 reslen:20 2319ms
Tue Jun 12 14:27:11 [conn4] getmore test.chirps cursorid:4527295408118349482 reslen:20 2320ms
Tue Jun 12 14:27:13 [conn3] getmore test.chirps cursorid:4527295408118349482 reslen:20 2317ms
Tue Jun 12 14:27:15 [conn4] getmore test.chirps cursorid:4527295408118349482 reslen:20 2321ms
Tue Jun 12 14:27:18 [conn3] getmore test.chirps cursorid:4527295408118349482 reslen:20 2320ms
Tue Jun 12 14:27:20 [conn4] getmore test.chirps cursorid:4527295408118349482 reslen:20 2325ms
Tue Jun 12 14:27:22 [conn3] getmore test.chirps cursorid:4527295408118349482 reslen:20 2312ms
Tue Jun 12 14:27:25 [conn4] getmore test.chirps cursorid:4527295408118349482 reslen:20 2317ms
Tue Jun 12 14:27:27 [conn3] getmore test.chirps cursorid:4527295408118349482 reslen:20 2323ms
Tue Jun 12 14:27:29 [conn4] getmore test.chirps cursorid:4527295408118349482 reslen:20 2322ms
Tue Jun 12 14:27:32 [conn3] getmore test.chirps cursorid:4527295408118349482 reslen:20 2319ms
Tue Jun 12 14:27:34 [conn4] getmore test.chirps cursorid:4527295408118349482 reslen:20 2323ms
Tue Jun 12 14:27:36 [conn3] getmore test.chirps cursorid:4527295408118349482 reslen:20 2317ms
Tue Jun 12 14:27:39 [conn4] getmore test.chirps cursorid:4527295408118349482 reslen:20 2315ms
Tue Jun 12 14:27:41 [conn3] getmore test.chirps cursorid:4527295408118349482 reslen:20 2322ms
Tue Jun 12 14:27:43 [conn1] end connection 127.0.0.1:49347
Tue Jun 12 14:27:43 [conn3] end connection 127.0.0.1:49349
Tue Jun 12 14:27:43 [conn4] getmore test.chirps cursorid:4527295408118349482 reslen:20 2320ms
Tue Jun 12 14:27:43 [conn4] end connection 127.0.0.1:49502
Tue Jun 12 14:30:30 [clientcursormon] mem (MB) res:21 virt:2630 mapped:80
Tue Jun 12 14:35:30 [clientcursormon] mem (MB) res:21 virt:2630 mapped:80
Tue Jun 12 14:40:30 [clientcursormon] mem (MB) res:21 virt:2630 mapped:80
Tue Jun 12 14:45:30 [clientcursormon] mem (MB) res:21 virt:2630 mapped:80
Tue Jun 12 14:50:31 [clientcursormon] mem (MB) res:21 virt:2630 mapped:80
Tue Jun 12 14:55:31 [clientcursormon] mem (MB) res:21 virt:2630 mapped:80
Tue Jun 12 15:00:31 [clientcursormon] mem (MB) res:21 virt:2630 mapped:80
Tue Jun 12 15:05:31 [clientcursormon] mem (MB) res:21 virt:2630 mapped:80
Tue Jun 12 15:10:31 [clientcursormon] mem (MB) res:21 virt:2630 mapped:80
Tue Jun 12 15:15:31 [clientcursormon] mem (MB) res:21 virt:2630 mapped:80
Tue Jun 12 15:20:31 [clientcursormon] mem (MB) res:21 virt:2630 mapped:80
Tue Jun 12 15:25:31 [clientcursormon] mem (MB) res:21 virt:2630 mapped:80
Tue Jun 12 15:30:31 [clientcursormon] mem (MB) res:21 virt:2630 mapped:80
Tue Jun 12 15:35:31 [clientcursormon] mem (MB) res:21 virt:2630 mapped:80
Tue Jun 12 15:40:31 [clientcursormon] mem (MB) res:21 virt:2630 mapped:80
Tue Jun 12 15:45:31 [clientcursormon] mem (MB) res:21 virt:2630 mapped:80
Tue Jun 12 15:50:31 [clientcursormon] mem (MB) res:21 virt:2630 mapped:80
Tue Jun 12 15:55:31 [clientcursormon] mem (MB) res:21 virt:2630 mapped:80
Tue Jun 12 16:00:32 [clientcursormon] mem (MB) res:21 virt:2630 mapped:80
Tue Jun 12 21:33:46 [clientcursormon] mem (MB) res:21 virt:2630 mapped:80
Tue Jun 12 21:38:46 [clientcursormon] mem (MB) res:21 virt:2630 mapped:80
Tue Jun 12 21:43:46 [clientcursormon] mem (MB) res:21 virt:2630 mapped:80
Tue Jun 12 21:48:46 [clientcursormon] mem (MB) res:21 virt:2630 mapped:80
Tue Jun 12 21:53:46 [clientcursormon] mem (MB) res:21 virt:2630 mapped:80
Tue Jun 12 21:58:46 [clientcursormon] mem (MB) res:21 virt:2630 mapped:80
Tue Jun 12 22:03:46 [clientcursormon] mem (MB) res:21 virt:2630 mapped:80
Tue Jun 12 22:08:47 [clientcursormon] mem (MB) res:21 virt:2630 mapped:80
Tue Jun 12 22:13:47 [clientcursormon] mem (MB) res:21 virt:2630 mapped:80
Tue Jun 12 22:18:47 [clientcursormon] mem (MB) res:21 virt:2630 mapped:80
Tue Jun 12 22:23:47 [clientcursormon] mem (MB) res:21 virt:2630 mapped:80
Tue Jun 12 22:28:47 [clientcursormon] mem (MB) res:21 virt:2630 mapped:80
Tue Jun 12 22:33:47 [clientcursormon] mem (MB) res:21 virt:2630 mapped:80
Tue Jun 12 22:38:47 [clientcursormon] mem (MB) res:21 virt:2630 mapped:80
Tue Jun 12 22:43:47 [clientcursormon] mem (MB) res:21 virt:2630 mapped:80
Tue Jun 12 22:48:47 [clientcursormon] mem (MB) res:21 virt:2630 mapped:80
Tue Jun 12 22:53:47 [clientcursormon] mem (MB) res:21 virt:2630 mapped:80
Tue Jun 12 22:58:47 [clientcursormon] mem (MB) res:21 virt:2630 mapped:80
Tue Jun 12 23:03:47 [clientcursormon] mem (MB) res:21 virt:2630 mapped:80
Tue Jun 12 23:08:47 [clientcursormon] mem (MB) res:21 virt:2630 mapped:80
Tue Jun 12 23:13:47 [clientcursormon] mem (MB) res:21 virt:2630 mapped:80
Tue Jun 12 23:18:47 [clientcursormon] mem (MB) res:21 virt:2630 mapped:80
Tue Jun 12 23:23:47 [clientcursormon] mem (MB) res:21 virt:2630 mapped:80
Tue Jun 12 23:28:48 [clientcursormon] mem (MB) res:21 virt:2630 mapped:80
Tue Jun 12 23:33:48 [clientcursormon] mem (MB) res:21 virt:2630 mapped:80
Tue Jun 12 23:38:48 [clientcursormon] mem (MB) res:21 virt:2630 mapped:80
Tue Jun 12 23:43:48 [clientcursormon] mem (MB) res:21 virt:2630 mapped:80
Tue Jun 12 23:48:48 [clientcursormon] mem (MB) res:21 virt:2630 mapped:80
Tue Jun 12 23:53:48 [clientcursormon] mem (MB) res:21 virt:2630 mapped:80
Tue Jun 12 23:58:48 [clientcursormon] mem (MB) res:21 virt:2630 mapped:80
Wed Jun 13 00:03:48 [clientcursormon] mem (MB) res:21 virt:2630 mapped:80
Wed Jun 13 00:08:48 [clientcursormon] mem (MB) res:21 virt:2630 mapped:80
Wed Jun 13 00:13:48 [clientcursormon] mem (MB) res:21 virt:2630 mapped:80
Wed Jun 13 00:18:48 [clientcursormon] mem (MB) res:21 virt:2630 mapped:80
Wed Jun 13 00:23:48 [clientcursormon] mem (MB) res:21 virt:2630 mapped:80
Wed Jun 13 00:28:48 [clientcursormon] mem (MB) res:21 virt:2630 mapped:80
Wed Jun 13 00:33:49 [clientcursormon] mem (MB) res:21 virt:2630 mapped:80
Wed Jun 13 00:38:49 [clientcursormon] mem (MB) res:21 virt:2630 mapped:80
Wed Jun 13 00:43:49 [clientcursormon] mem (MB) res:21 virt:2630 mapped:80
Wed Jun 13 00:48:49 [clientcursormon] mem (MB) res:21 virt:2630 mapped:80
Wed Jun 13 00:53:49 [clientcursormon] mem (MB) res:21 virt:2630 mapped:80
Wed Jun 13 00:58:49 [clientcursormon] mem (MB) res:21 virt:2630 mapped:80
Wed Jun 13 01:03:49 [clientcursormon] mem (MB) res:21 virt:2630 mapped:80
Wed Jun 13 01:08:49 [clientcursormon] mem (MB) res:21 virt:2630 mapped:80
Wed Jun 13 01:13:49 [clientcursormon] mem (MB) res:21 virt:2630 mapped:80
Wed Jun 13 01:18:49 [clientcursormon] mem (MB) res:21 virt:2630 mapped:80
Wed Jun 13 01:23:49 [clientcursormon] mem (MB) res:21 virt:2630 mapped:80
Wed Jun 13 01:28:49 [clientcursormon] mem (MB) res:21 virt:2630 mapped:80
Wed Jun 13 01:33:49 [clientcursormon] mem (MB) res:21 virt:2630 mapped:80
Wed Jun 13 01:38:50 [clientcursormon] mem (MB) res:21 virt:2630 mapped:80
Wed Jun 13 01:43:50 [clientcursormon] mem (MB) res:21 virt:2630 mapped:80
Wed Jun 13 01:48:50 [clientcursormon] mem (MB) res:21 virt:2630 mapped:80
Wed Jun 13 01:53:50 [clientcursormon] mem (MB) res:21 virt:2630 mapped:80
Wed Jun 13 01:58:50 [clientcursormon] mem (MB) res:21 virt:2630 mapped:80
Wed Jun 13 02:03:50 [clientcursormon] mem (MB) res:21 virt:2630 mapped:80
Wed Jun 13 02:08:50 [clientcursormon] mem (MB) res:21 virt:2630 mapped:80
Wed Jun 13 02:13:50 [clientcursormon] mem (MB) res:21 virt:2630 mapped:80
Wed Jun 13 02:18:50 [clientcursormon] mem (MB) res:21 virt:2630 mapped:80
Wed Jun 13 02:23:50 [clientcursormon] mem (MB) res:21 virt:2630 mapped:80
Wed Jun 13 02:28:50 [clientcursormon] mem (MB) res:21 virt:2630 mapped:80
Wed Jun 13 02:33:50 [clientcursormon] mem (MB) res:21 virt:2630 mapped:80
Wed Jun 13 02:38:50 [clientcursormon] mem (MB) res:21 virt:2630 mapped:80
Wed Jun 13 02:43:50 [clientcursormon] mem (MB) res:21 virt:2630 mapped:80
Wed Jun 13 02:48:51 [clientcursormon] mem (MB) res:21 virt:2630 mapped:80
Wed Jun 13 02:53:51 [clientcursormon] mem (MB) res:21 virt:2630 mapped:80
Wed Jun 13 02:58:51 [clientcursormon] mem (MB) res:21 virt:2630 mapped:80
Wed Jun 13 03:03:51 [clientcursormon] mem (MB) res:21 virt:2630 mapped:80
Wed Jun 13 03:08:51 [clientcursormon] mem (MB) res:21 virt:2630 mapped:80
Wed Jun 13 03:13:51 [clientcursormon] mem (MB) res:21 virt:2630 mapped:80
Wed Jun 13 03:18:51 [clientcursormon] mem (MB) res:21 virt:2630 mapped:80
Wed Jun 13 03:23:51 [clientcursormon] mem (MB) res:21 virt:2630 mapped:80
Wed Jun 13 03:28:51 [clientcursormon] mem (MB) res:21 virt:2630 mapped:80
Wed Jun 13 03:33:51 [clientcursormon] mem (MB) res:21 virt:2630 mapped:80
Wed Jun 13 03:38:51 [clientcursormon] mem (MB) res:21 virt:2630 mapped:80
Wed Jun 13 03:43:51 [clientcursormon] mem (MB) res:21 virt:2630 mapped:80
Wed Jun 13 03:48:51 [clientcursormon] mem (MB) res:21 virt:2630 mapped:80
Wed Jun 13 03:53:52 [clientcursormon] mem (MB) res:21 virt:2630 mapped:80
Wed Jun 13 03:58:52 [clientcursormon] mem (MB) res:21 virt:2630 mapped:80
Wed Jun 13 04:03:52 [clientcursormon] mem (MB) res:21 virt:2630 mapped:80
Wed Jun 13 04:08:52 [clientcursormon] mem (MB) res:21 virt:2630 mapped:80
Wed Jun 13 04:13:52 [clientcursormon] mem (MB) res:21 virt:2630 mapped:80
Wed Jun 13 04:18:52 [clientcursormon] mem (MB) res:21 virt:2630 mapped:80
Wed Jun 13 04:23:52 [clientcursormon] mem (MB) res:21 virt:2630 mapped:80
Wed Jun 13 04:28:52 [clientcursormon] mem (MB) res:21 virt:2630 mapped:80
Wed Jun 13 04:33:52 [clientcursormon] mem (MB) res:21 virt:2630 mapped:80
Wed Jun 13 04:38:52 [clientcursormon] mem (MB) res:21 virt:2630 mapped:80
Wed Jun 13 04:43:52 [clientcursormon] mem (MB) res:21 virt:2630 mapped:80
Wed Jun 13 04:48:52 [clientcursormon] mem (MB) res:21 virt:2630 mapped:80
Wed Jun 13 04:53:52 [clientcursormon] mem (MB) res:21 virt:2630 mapped:80
Wed Jun 13 04:58:52 [clientcursormon] mem (MB) res:21 virt:2630 mapped:80
Wed Jun 13 05:03:53 [clientcursormon] mem (MB) res:21 virt:2630 mapped:80
Wed Jun 13 05:08:53 [clientcursormon] mem (MB) res:21 virt:2630 mapped:80
Wed Jun 13 05:13:53 [clientcursormon] mem (MB) res:21 virt:2630 mapped:80
Wed Jun 13 05:18:53 [clientcursormon] mem (MB) res:21 virt:2630 mapped:80
Wed Jun 13 05:23:53 [clientcursormon] mem (MB) res:21 virt:2630 mapped:80
Wed Jun 13 05:28:53 [clientcursormon] mem (MB) res:21 virt:2630 mapped:80
Wed Jun 13 05:33:53 [clientcursormon] mem (MB) res:21 virt:2630 mapped:80
Wed Jun 13 05:38:53 [clientcursormon] mem (MB) res:21 virt:2630 mapped:80
Wed Jun 13 05:43:53 [clientcursormon] mem (MB) res:21 virt:2630 mapped:80
Wed Jun 13 05:48:53 [clientcursormon] mem (MB) res:21 virt:2630 mapped:80
Wed Jun 13 05:53:53 [clientcursormon] mem (MB) res:21 virt:2630 mapped:80
Wed Jun 13 05:58:53 [clientcursormon] mem (MB) res:21 virt:2630 mapped:80
Wed Jun 13 06:03:53 [clientcursormon] mem (MB) res:21 virt:2630 mapped:80
Wed Jun 13 06:08:54 [clientcursormon] mem (MB) res:21 virt:2630 mapped:80
Wed Jun 13 06:13:54 [clientcursormon] mem (MB) res:21 virt:2630 mapped:80
Wed Jun 13 06:18:54 [clientcursormon] mem (MB) res:21 virt:2630 mapped:80
Wed Jun 13 06:23:54 [clientcursormon] mem (MB) res:21 virt:2630 mapped:80
Wed Jun 13 06:28:54 [clientcursormon] mem (MB) res:21 virt:2630 mapped:80
Wed Jun 13 06:33:54 [clientcursormon] mem (MB) res:21 virt:2630 mapped:80
Wed Jun 13 06:38:54 [clientcursormon] mem (MB) res:21 virt:2630 mapped:80
Wed Jun 13 06:43:54 [clientcursormon] mem (MB) res:21 virt:2630 mapped:80
Wed Jun 13 06:48:54 [clientcursormon] mem (MB) res:21 virt:2630 mapped:80
Wed Jun 13 06:53:54 [clientcursormon] mem (MB) res:21 virt:2630 mapped:80
Wed Jun 13 06:58:54 [clientcursormon] mem (MB) res:21 virt:2630 mapped:80
Wed Jun 13 07:03:54 [clientcursormon] mem (MB) res:21 virt:2630 mapped:80
Wed Jun 13 07:08:54 [clientcursormon] mem (MB) res:21 virt:2630 mapped:80
Wed Jun 13 07:13:54 [clientcursormon] mem (MB) res:21 virt:2630 mapped:80
Wed Jun 13 07:18:55 [clientcursormon] mem (MB) res:21 virt:2630 mapped:80
Wed Jun 13 07:23:55 [clientcursormon] mem (MB) res:21 virt:2630 mapped:80
Wed Jun 13 07:28:55 [clientcursormon] mem (MB) res:21 virt:2630 mapped:80
Wed Jun 13 07:33:55 [clientcursormon] mem (MB) res:21 virt:2630 mapped:80
Wed Jun 13 07:38:55 [clientcursormon] mem (MB) res:21 virt:2630 mapped:80
Wed Jun 13 07:43:55 [clientcursormon] mem (MB) res:21 virt:2630 mapped:80
Wed Jun 13 07:48:55 [clientcursormon] mem (MB) res:21 virt:2630 mapped:80
Wed Jun 13 07:53:55 [clientcursormon] mem (MB) res:21 virt:2630 mapped:80
Wed Jun 13 07:58:55 [clientcursormon] mem (MB) res:21 virt:2630 mapped:80
Wed Jun 13 08:03:55 [clientcursormon] mem (MB) res:21 virt:2630 mapped:80
Wed Jun 13 08:08:55 [clientcursormon] mem (MB) res:21 virt:2630 mapped:80
Wed Jun 13 08:13:55 [clientcursormon] mem (MB) res:21 virt:2630 mapped:80
Wed Jun 13 08:18:55 [clientcursormon] mem (MB) res:21 virt:2630 mapped:80
Wed Jun 13 08:23:55 [clientcursormon] mem (MB) res:21 virt:2630 mapped:80
Wed Jun 13 08:28:56 [clientcursormon] mem (MB) res:21 virt:2630 mapped:80
Wed Jun 13 08:33:56 [clientcursormon] mem (MB) res:21 virt:2630 mapped:80
Wed Jun 13 08:38:56 [clientcursormon] mem (MB) res:21 virt:2630 mapped:80
Wed Jun 13 08:43:56 [clientcursormon] mem (MB) res:21 virt:2630 mapped:80
Wed Jun 13 08:48:56 [clientcursormon] mem (MB) res:21 virt:2630 mapped:80
Wed Jun 13 08:53:56 [clientcursormon] mem (MB) res:21 virt:2630 mapped:80
Wed Jun 13 08:58:56 [clientcursormon] mem (MB) res:21 virt:2630 mapped:80
Wed Jun 13 09:03:56 [clientcursormon] mem (MB) res:21 virt:2630 mapped:80
Wed Jun 13 09:08:56 [clientcursormon] mem (MB) res:21 virt:2630 mapped:80
Wed Jun 13 09:13:56 [clientcursormon] mem (MB) res:21 virt:2630 mapped:80
Wed Jun 13 09:18:56 [clientcursormon] mem (MB) res:21 virt:2630 mapped:80
Wed Jun 13 09:23:56 [clientcursormon] mem (MB) res:21 virt:2630 mapped:80
Wed Jun 13 09:28:56 [clientcursormon] mem (MB) res:21 virt:2630 mapped:80
Wed Jun 13 09:33:56 [clientcursormon] mem (MB) res:21 virt:2630 mapped:80
Wed Jun 13 09:38:57 [clientcursormon] mem (MB) res:4 virt:2630 mapped:80
Wed Jun 13 09:43:57 [clientcursormon] mem (MB) res:4 virt:2630 mapped:80
Wed Jun 13 09:48:57 [clientcursormon] mem (MB) res:4 virt:2630 mapped:80
Wed Jun 13 09:53:57 [clientcursormon] mem (MB) res:4 virt:2630 mapped:80
Wed Jun 13 09:58:57 [clientcursormon] mem (MB) res:4 virt:2630 mapped:80
Wed Jun 13 10:03:57 [clientcursormon] mem (MB) res:4 virt:2630 mapped:80
Wed Jun 13 10:08:57 [clientcursormon] mem (MB) res:4 virt:2630 mapped:80
Wed Jun 13 10:13:57 [clientcursormon] mem (MB) res:4 virt:2630 mapped:80
Wed Jun 13 10:18:57 [clientcursormon] mem (MB) res:4 virt:2630 mapped:80
Wed Jun 13 10:23:57 [clientcursormon] mem (MB) res:4 virt:2630 mapped:80
Wed Jun 13 10:28:57 [clientcursormon] mem (MB) res:4 virt:2630 mapped:80
Wed Jun 13 10:33:58 [clientcursormon] mem (MB) res:4 virt:2630 mapped:80
Wed Jun 13 10:38:58 [clientcursormon] mem (MB) res:4 virt:2630 mapped:80
Wed Jun 13 10:43:58 [clientcursormon] mem (MB) res:4 virt:2630 mapped:80
Wed Jun 13 10:48:58 [clientcursormon] mem (MB) res:4 virt:2630 mapped:80
Wed Jun 13 10:53:58 [clientcursormon] mem (MB) res:4 virt:2630 mapped:80
Wed Jun 13 10:58:58 [clientcursormon] mem (MB) res:4 virt:2630 mapped:80
Wed Jun 13 11:03:58 [clientcursormon] mem (MB) res:4 virt:2630 mapped:80
Wed Jun 13 11:08:58 [clientcursormon] mem (MB) res:4 virt:2630 mapped:80
Wed Jun 13 11:13:58 [clientcursormon] mem (MB) res:4 virt:2630 mapped:80
Wed Jun 13 13:29:53 [clientcursormon] mem (MB) res:4 virt:2630 mapped:80
Wed Jun 13 13:34:53 [clientcursormon] mem (MB) res:4 virt:2630 mapped:80
Wed Jun 13 13:39:53 [clientcursormon] mem (MB) res:4 virt:2630 mapped:80
Wed Jun 13 13:44:53 [clientcursormon] mem (MB) res:4 virt:2630 mapped:80
Wed Jun 13 13:49:53 [clientcursormon] mem (MB) res:4 virt:2630 mapped:80
Wed Jun 13 13:54:53 [clientcursormon] mem (MB) res:4 virt:2630 mapped:80
Wed Jun 13 13:59:54 [clientcursormon] mem (MB) res:4 virt:2630 mapped:80
Wed Jun 13 14:04:54 [clientcursormon] mem (MB) res:4 virt:2630 mapped:80
Wed Jun 13 14:09:54 [clientcursormon] mem (MB) res:4 virt:2630 mapped:80
Wed Jun 13 14:14:54 [clientcursormon] mem (MB) res:4 virt:2630 mapped:80
Wed Jun 13 14:19:54 [clientcursormon] mem (MB) res:4 virt:2630 mapped:80
Wed Jun 13 14:24:54 [clientcursormon] mem (MB) res:4 virt:2630 mapped:80
Wed Jun 13 14:29:54 [clientcursormon] mem (MB) res:4 virt:2630 mapped:80
Wed Jun 13 14:34:54 [clientcursormon] mem (MB) res:4 virt:2630 mapped:80
Wed Jun 13 14:39:54 [clientcursormon] mem (MB) res:4 virt:2630 mapped:80
Wed Jun 13 14:44:54 [clientcursormon] mem (MB) res:4 virt:2630 mapped:80
Wed Jun 13 14:49:55 [clientcursormon] mem (MB) res:4 virt:2630 mapped:80
Wed Jun 13 14:54:55 [clientcursormon] mem (MB) res:4 virt:2630 mapped:80
Wed Jun 13 14:59:55 [clientcursormon] mem (MB) res:4 virt:2630 mapped:80
Wed Jun 13 15:04:55 [clientcursormon] mem (MB) res:4 virt:2630 mapped:80
Wed Jun 13 15:09:55 [clientcursormon] mem (MB) res:4 virt:2630 mapped:80
Wed Jun 13 15:14:55 [clientcursormon] mem (MB) res:4 virt:2630 mapped:80
Wed Jun 13 15:19:55 [clientcursormon] mem (MB) res:4 virt:2630 mapped:80
Wed Jun 13 15:24:55 [clientcursormon] mem (MB) res:4 virt:2630 mapped:80
Wed Jun 13 15:29:55 [clientcursormon] mem (MB) res:4 virt:2630 mapped:80
Wed Jun 13 15:34:55 [clientcursormon] mem (MB) res:4 virt:2630 mapped:80
Wed Jun 13 15:39:55 [clientcursormon] mem (MB) res:4 virt:2630 mapped:80
Wed Jun 13 15:44:55 [clientcursormon] mem (MB) res:4 virt:2630 mapped:80
Wed Jun 13 15:49:56 [clientcursormon] mem (MB) res:4 virt:2630 mapped:80
Wed Jun 13 15:54:56 [clientcursormon] mem (MB) res:4 virt:2630 mapped:80
Wed Jun 13 15:59:56 [clientcursormon] mem (MB) res:4 virt:2630 mapped:80
Wed Jun 13 16:04:56 [clientcursormon] mem (MB) res:4 virt:2630 mapped:80
Wed Jun 13 16:09:56 [clientcursormon] mem (MB) res:4 virt:2630 mapped:80
Wed Jun 13 17:23:59 [clientcursormon] mem (MB) res:4 virt:2630 mapped:80
Wed Jun 13 17:28:59 [clientcursormon] mem (MB) res:4 virt:2630 mapped:80
Wed Jun 13 17:33:59 [clientcursormon] mem (MB) res:4 virt:2630 mapped:80
Wed Jun 13 17:38:59 [clientcursormon] mem (MB) res:4 virt:2630 mapped:80
Wed Jun 13 17:43:59 [clientcursormon] mem (MB) res:4 virt:2630 mapped:80
Wed Jun 13 17:48:59 [clientcursormon] mem (MB) res:4 virt:2630 mapped:80
Wed Jun 13 17:54:00 [clientcursormon] mem (MB) res:4 virt:2630 mapped:80
Wed Jun 13 17:59:00 [clientcursormon] mem (MB) res:4 virt:2630 mapped:80
Wed Jun 13 18:04:00 [clientcursormon] mem (MB) res:4 virt:2630 mapped:80
Wed Jun 13 18:09:00 [clientcursormon] mem (MB) res:4 virt:2630 mapped:80
Wed Jun 13 18:14:00 [clientcursormon] mem (MB) res:4 virt:2630 mapped:80
Wed Jun 13 18:19:00 [clientcursormon] mem (MB) res:4 virt:2630 mapped:80
Wed Jun 13 18:24:00 [clientcursormon] mem (MB) res:4 virt:2630 mapped:80
Wed Jun 13 18:29:00 [clientcursormon] mem (MB) res:4 virt:2630 mapped:80
Wed Jun 13 18:34:00 [clientcursormon] mem (MB) res:4 virt:2630 mapped:80
Wed Jun 13 18:39:00 [clientcursormon] mem (MB) res:4 virt:2630 mapped:80
Wed Jun 13 18:44:00 [clientcursormon] mem (MB) res:4 virt:2630 mapped:80
Wed Jun 13 18:49:00 [clientcursormon] mem (MB) res:4 virt:2630 mapped:80
Wed Jun 13 18:54:01 [clientcursormon] mem (MB) res:4 virt:2630 mapped:80
Wed Jun 13 18:59:01 [clientcursormon] mem (MB) res:4 virt:2630 mapped:80
Wed Jun 13 19:04:01 [clientcursormon] mem (MB) res:4 virt:2630 mapped:80
Wed Jun 13 19:09:01 [clientcursormon] mem (MB) res:4 virt:2630 mapped:80
Wed Jun 13 19:14:01 [clientcursormon] mem (MB) res:4 virt:2630 mapped:80
Wed Jun 13 19:19:01 [clientcursormon] mem (MB) res:4 virt:2630 mapped:80
Wed Jun 13 19:24:01 [clientcursormon] mem (MB) res:4 virt:2630 mapped:80
Wed Jun 13 19:29:01 [clientcursormon] mem (MB) res:4 virt:2630 mapped:80
Wed Jun 13 19:34:01 [clientcursormon] mem (MB) res:4 virt:2630 mapped:80
Wed Jun 13 19:39:01 [clientcursormon] mem (MB) res:4 virt:2630 mapped:80
Wed Jun 13 19:44:01 [clientcursormon] mem (MB) res:4 virt:2630 mapped:80
Wed Jun 13 19:49:01 [clientcursormon] mem (MB) res:4 virt:2630 mapped:80
Wed Jun 13 19:54:02 [clientcursormon] mem (MB) res:4 virt:2630 mapped:80
Wed Jun 13 19:59:02 [clientcursormon] mem (MB) res:4 virt:2630 mapped:80
Wed Jun 13 20:04:02 [clientcursormon] mem (MB) res:4 virt:2630 mapped:80
Wed Jun 13 20:09:02 [clientcursormon] mem (MB) res:4 virt:2630 mapped:80
Wed Jun 13 20:14:02 [clientcursormon] mem (MB) res:4 virt:2630 mapped:80
Wed Jun 13 20:19:02 [clientcursormon] mem (MB) res:4 virt:2630 mapped:80
Wed Jun 13 20:24:02 [clientcursormon] mem (MB) res:4 virt:2630 mapped:80
Wed Jun 13 21:25:43 [clientcursormon] mem (MB) res:4 virt:2630 mapped:80
Wed Jun 13 21:30:43 [clientcursormon] mem (MB) res:4 virt:2630 mapped:80
Wed Jun 13 21:35:43 [clientcursormon] mem (MB) res:4 virt:2630 mapped:80
Wed Jun 13 21:40:43 [clientcursormon] mem (MB) res:4 virt:2630 mapped:80
Wed Jun 13 21:45:43 [clientcursormon] mem (MB) res:4 virt:2630 mapped:80
Wed Jun 13 21:50:43 [clientcursormon] mem (MB) res:4 virt:2630 mapped:80
Wed Jun 13 21:55:43 [clientcursormon] mem (MB) res:4 virt:2630 mapped:80
Wed Jun 13 22:00:43 [clientcursormon] mem (MB) res:4 virt:2630 mapped:80
Wed Jun 13 22:05:44 [clientcursormon] mem (MB) res:4 virt:2630 mapped:80
Wed Jun 13 22:10:44 [clientcursormon] mem (MB) res:4 virt:2630 mapped:80
Wed Jun 13 22:15:44 [clientcursormon] mem (MB) res:4 virt:2630 mapped:80
Wed Jun 13 22:20:44 [clientcursormon] mem (MB) res:4 virt:2630 mapped:80
Wed Jun 13 22:27:10 [clientcursormon] mem (MB) res:4 virt:2630 mapped:80
Wed Jun 13 22:32:10 [clientcursormon] mem (MB) res:4 virt:2630 mapped:80
Wed Jun 13 22:37:10 [clientcursormon] mem (MB) res:4 virt:2630 mapped:80
Wed Jun 13 22:42:10 [clientcursormon] mem (MB) res:4 virt:2630 mapped:80
Wed Jun 13 22:47:10 [clientcursormon] mem (MB) res:4 virt:2630 mapped:80
Wed Jun 13 22:52:10 [clientcursormon] mem (MB) res:4 virt:2630 mapped:80
Wed Jun 13 22:57:10 [clientcursormon] mem (MB) res:4 virt:2630 mapped:80
Wed Jun 13 23:02:11 [clientcursormon] mem (MB) res:4 virt:2630 mapped:80
Wed Jun 13 23:07:11 [clientcursormon] mem (MB) res:4 virt:2630 mapped:80
Wed Jun 13 23:12:11 [clientcursormon] mem (MB) res:4 virt:2630 mapped:80
Wed Jun 13 23:17:11 [clientcursormon] mem (MB) res:4 virt:2630 mapped:80
Wed Jun 13 23:22:31 [clientcursormon] mem (MB) res:4 virt:2630 mapped:80
Wed Jun 13 23:27:31 [clientcursormon] mem (MB) res:4 virt:2630 mapped:80
Wed Jun 13 23:32:31 [clientcursormon] mem (MB) res:4 virt:2630 mapped:80
Wed Jun 13 23:37:31 [clientcursormon] mem (MB) res:4 virt:2630 mapped:80
Wed Jun 13 23:42:31 [clientcursormon] mem (MB) res:4 virt:2630 mapped:80
Wed Jun 13 23:47:31 [clientcursormon] mem (MB) res:4 virt:2630 mapped:80
Wed Jun 13 23:52:32 [clientcursormon] mem (MB) res:4 virt:2630 mapped:80
Wed Jun 13 23:57:32 [clientcursormon] mem (MB) res:4 virt:2630 mapped:80
Thu Jun 14 00:02:32 [clientcursormon] mem (MB) res:4 virt:2630 mapped:80
Thu Jun 14 00:07:32 [clientcursormon] mem (MB) res:4 virt:2630 mapped:80
Thu Jun 14 00:12:32 [clientcursormon] mem (MB) res:4 virt:2630 mapped:80
Thu Jun 14 00:17:32 [clientcursormon] mem (MB) res:4 virt:2630 mapped:80
Thu Jun 14 00:22:32 [clientcursormon] mem (MB) res:4 virt:2630 mapped:80
Thu Jun 14 00:27:32 [clientcursormon] mem (MB) res:4 virt:2630 mapped:80
Thu Jun 14 00:32:32 [clientcursormon] mem (MB) res:4 virt:2630 mapped:80
Thu Jun 14 00:37:32 [clientcursormon] mem (MB) res:4 virt:2630 mapped:80
Thu Jun 14 00:42:32 [clientcursormon] mem (MB) res:4 virt:2630 mapped:80
Thu Jun 14 00:47:32 [clientcursormon] mem (MB) res:4 virt:2630 mapped:80
Thu Jun 14 00:52:32 [clientcursormon] mem (MB) res:4 virt:2630 mapped:80
Thu Jun 14 00:57:34 [clientcursormon] mem (MB) res:4 virt:2630 mapped:80
Thu Jun 14 01:02:34 [clientcursormon] mem (MB) res:4 virt:2630 mapped:80
Thu Jun 14 01:07:34 [clientcursormon] mem (MB) res:4 virt:2630 mapped:80
Thu Jun 14 01:12:34 [clientcursormon] mem (MB) res:4 virt:2630 mapped:80
Thu Jun 14 01:17:34 [clientcursormon] mem (MB) res:4 virt:2630 mapped:80
Thu Jun 14 01:22:34 [clientcursormon] mem (MB) res:4 virt:2630 mapped:80
Thu Jun 14 01:27:34 [clientcursormon] mem (MB) res:4 virt:2630 mapped:80
Thu Jun 14 01:32:34 [clientcursormon] mem (MB) res:4 virt:2630 mapped:80
Thu Jun 14 01:37:34 [clientcursormon] mem (MB) res:4 virt:2630 mapped:80
Thu Jun 14 01:42:34 [clientcursormon] mem (MB) res:4 virt:2630 mapped:80
Thu Jun 14 01:47:34 [clientcursormon] mem (MB) res:4 virt:2630 mapped:80
Thu Jun 14 01:52:34 [clientcursormon] mem (MB) res:4 virt:2630 mapped:80
Thu Jun 14 01:57:34 [clientcursormon] mem (MB) res:4 virt:2630 mapped:80
Thu Jun 14 02:02:35 [clientcursormon] mem (MB) res:4 virt:2630 mapped:80
Thu Jun 14 02:07:35 [clientcursormon] mem (MB) res:4 virt:2630 mapped:80
Thu Jun 14 02:12:35 [clientcursormon] mem (MB) res:4 virt:2630 mapped:80
Thu Jun 14 02:17:35 [clientcursormon] mem (MB) res:4 virt:2630 mapped:80
Thu Jun 14 02:22:35 [clientcursormon] mem (MB) res:4 virt:2630 mapped:80
Thu Jun 14 02:27:35 [clientcursormon] mem (MB) res:4 virt:2630 mapped:80
Thu Jun 14 02:32:35 [clientcursormon] mem (MB) res:4 virt:2630 mapped:80
Thu Jun 14 02:37:35 [clientcursormon] mem (MB) res:4 virt:2630 mapped:80
Thu Jun 14 02:42:35 [clientcursormon] mem (MB) res:4 virt:2630 mapped:80
Thu Jun 14 02:47:35 [clientcursormon] mem (MB) res:4 virt:2630 mapped:80
Thu Jun 14 02:52:35 [clientcursormon] mem (MB) res:4 virt:2630 mapped:80
Thu Jun 14 02:57:35 [clientcursormon] mem (MB) res:4 virt:2630 mapped:80
Thu Jun 14 03:02:35 [clientcursormon] mem (MB) res:4 virt:2630 mapped:80
Thu Jun 14 03:07:35 [clientcursormon] mem (MB) res:4 virt:2630 mapped:80
Thu Jun 14 03:12:36 [clientcursormon] mem (MB) res:4 virt:2630 mapped:80
Thu Jun 14 03:17:36 [clientcursormon] mem (MB) res:4 virt:2630 mapped:80
Thu Jun 14 03:22:36 [clientcursormon] mem (MB) res:4 virt:2630 mapped:80
Thu Jun 14 03:27:36 [clientcursormon] mem (MB) res:4 virt:2630 mapped:80
Thu Jun 14 03:32:36 [clientcursormon] mem (MB) res:4 virt:2630 mapped:80
Thu Jun 14 03:37:36 [clientcursormon] mem (MB) res:4 virt:2630 mapped:80
Thu Jun 14 03:42:36 [clientcursormon] mem (MB) res:4 virt:2630 mapped:80
Thu Jun 14 03:47:36 [clientcursormon] mem (MB) res:4 virt:2630 mapped:80
Thu Jun 14 03:52:36 [clientcursormon] mem (MB) res:4 virt:2630 mapped:80
Thu Jun 14 03:57:36 [clientcursormon] mem (MB) res:4 virt:2630 mapped:80
Thu Jun 14 04:02:36 [clientcursormon] mem (MB) res:4 virt:2630 mapped:80
Thu Jun 14 04:07:36 [clientcursormon] mem (MB) res:4 virt:2630 mapped:80
Thu Jun 14 04:12:36 [clientcursormon] mem (MB) res:4 virt:2630 mapped:80
Thu Jun 14 04:17:36 [clientcursormon] mem (MB) res:4 virt:2630 mapped:80
Thu Jun 14 04:22:37 [clientcursormon] mem (MB) res:4 virt:2630 mapped:80
Thu Jun 14 04:27:37 [clientcursormon] mem (MB) res:4 virt:2630 mapped:80
Thu Jun 14 04:32:37 [clientcursormon] mem (MB) res:4 virt:2630 mapped:80
Thu Jun 14 04:37:37 [clientcursormon] mem (MB) res:4 virt:2630 mapped:80
Thu Jun 14 04:42:37 [clientcursormon] mem (MB) res:4 virt:2630 mapped:80
Thu Jun 14 04:47:37 [clientcursormon] mem (MB) res:4 virt:2630 mapped:80
Thu Jun 14 04:52:37 [clientcursormon] mem (MB) res:4 virt:2630 mapped:80
Thu Jun 14 04:57:37 [clientcursormon] mem (MB) res:4 virt:2630 mapped:80
Thu Jun 14 05:02:37 [clientcursormon] mem (MB) res:4 virt:2630 mapped:80
Thu Jun 14 05:07:37 [clientcursormon] mem (MB) res:4 virt:2630 mapped:80
Thu Jun 14 05:12:37 [clientcursormon] mem (MB) res:4 virt:2630 mapped:80
Thu Jun 14 05:17:37 [clientcursormon] mem (MB) res:4 virt:2630 mapped:80
Thu Jun 14 05:22:37 [clientcursormon] mem (MB) res:4 virt:2630 mapped:80
Thu Jun 14 05:27:37 [clientcursormon] mem (MB) res:4 virt:2630 mapped:80
Thu Jun 14 05:32:38 [clientcursormon] mem (MB) res:4 virt:2630 mapped:80
Thu Jun 14 05:37:38 [clientcursormon] mem (MB) res:4 virt:2630 mapped:80
Thu Jun 14 05:42:38 [clientcursormon] mem (MB) res:4 virt:2630 mapped:80
Thu Jun 14 05:47:38 [clientcursormon] mem (MB) res:4 virt:2630 mapped:80
Thu Jun 14 05:52:38 [clientcursormon] mem (MB) res:4 virt:2630 mapped:80
Thu Jun 14 05:57:38 [clientcursormon] mem (MB) res:4 virt:2630 mapped:80
Thu Jun 14 06:02:38 [clientcursormon] mem (MB) res:4 virt:2630 mapped:80
Thu Jun 14 06:07:38 [clientcursormon] mem (MB) res:4 virt:2630 mapped:80
Thu Jun 14 06:12:38 [clientcursormon] mem (MB) res:4 virt:2630 mapped:80
Thu Jun 14 06:17:38 [clientcursormon] mem (MB) res:4 virt:2630 mapped:80
Thu Jun 14 06:22:38 [clientcursormon] mem (MB) res:4 virt:2630 mapped:80
Thu Jun 14 06:27:38 [clientcursormon] mem (MB) res:4 virt:2630 mapped:80
Thu Jun 14 06:32:38 [clientcursormon] mem (MB) res:4 virt:2630 mapped:80
Thu Jun 14 06:37:38 [clientcursormon] mem (MB) res:4 virt:2630 mapped:80
Thu Jun 14 06:42:39 [clientcursormon] mem (MB) res:4 virt:2630 mapped:80
Thu Jun 14 07:51:20 [clientcursormon] mem (MB) res:4 virt:2630 mapped:80
Thu Jun 14 07:56:20 [clientcursormon] mem (MB) res:4 virt:2630 mapped:80
Thu Jun 14 08:01:20 [clientcursormon] mem (MB) res:4 virt:2630 mapped:80
Thu Jun 14 08:06:20 [clientcursormon] mem (MB) res:4 virt:2630 mapped:80
Thu Jun 14 08:11:20 [clientcursormon] mem (MB) res:4 virt:2630 mapped:80
Thu Jun 14 08:16:20 [clientcursormon] mem (MB) res:4 virt:2630 mapped:80
Thu Jun 14 08:21:21 [clientcursormon] mem (MB) res:4 virt:2630 mapped:80
Thu Jun 14 08:26:21 [clientcursormon] mem (MB) res:4 virt:2630 mapped:80
Thu Jun 14 09:02:42 [clientcursormon] mem (MB) res:4 virt:2630 mapped:80
Thu Jun 14 09:07:42 [clientcursormon] mem (MB) res:4 virt:2630 mapped:80
Thu Jun 14 09:12:42 [clientcursormon] mem (MB) res:4 virt:2630 mapped:80
Thu Jun 14 09:17:42 [clientcursormon] mem (MB) res:4 virt:2630 mapped:80
Thu Jun 14 09:22:42 [clientcursormon] mem (MB) res:4 virt:2630 mapped:80
Thu Jun 14 09:27:42 [clientcursormon] mem (MB) res:4 virt:2630 mapped:80
Thu Jun 14 09:32:42 [clientcursormon] mem (MB) res:4 virt:2630 mapped:80
Thu Jun 14 09:37:43 [clientcursormon] mem (MB) res:4 virt:2630 mapped:80
Thu Jun 14 09:42:43 [clientcursormon] mem (MB) res:4 virt:2630 mapped:80
Thu Jun 14 09:47:43 [clientcursormon] mem (MB) res:4 virt:2630 mapped:80
Thu Jun 14 09:52:43 [clientcursormon] mem (MB) res:4 virt:2630 mapped:80
Thu Jun 14 09:57:43 [clientcursormon] mem (MB) res:4 virt:2630 mapped:80
Thu Jun 14 10:16:38 [clientcursormon] mem (MB) res:4 virt:2630 mapped:80
Thu Jun 14 10:21:38 [clientcursormon] mem (MB) res:4 virt:2630 mapped:80
Thu Jun 14 10:26:38 [clientcursormon] mem (MB) res:4 virt:2630 mapped:80
Thu Jun 14 10:31:38 [clientcursormon] mem (MB) res:4 virt:2630 mapped:80
